<?xml version="1.0" encoding="UTF-8"?>
<testsuite xmlns:xsi="http://www.w3.org/2001/XMLSchema-instance" xsi:noNamespaceSchemaLocation="https://maven.apache.org/surefire/maven-surefire-plugin/xsd/surefire-test-report.xsd" name="TestSuite" time="7.081" tests="16" errors="0" skipped="0" failures="0">
  <properties>
    <property name="java.specification.version" value="14"/>
    <property name="sun.jnu.encoding" value="UTF-8"/>
    <property name="java.class.path" value="/Users/Bilarn/Downloads/BrownBag/target/test-classes:/Users/Bilarn/Downloads/BrownBag/target/classes:/Users/Bilarn/.m2/repository/io/rest-assured/rest-assured/4.3.3/rest-assured-4.3.3.jar:/Users/Bilarn/.m2/repository/org/codehaus/groovy/groovy/3.0.7/groovy-3.0.7.jar:/Users/Bilarn/.m2/repository/org/codehaus/groovy/groovy-xml/3.0.7/groovy-xml-3.0.7.jar:/Users/Bilarn/.m2/repository/org/apache/httpcomponents/httpclient/4.5.3/httpclient-4.5.3.jar:/Users/Bilarn/.m2/repository/org/apache/httpcomponents/httpcore/4.4.6/httpcore-4.4.6.jar:/Users/Bilarn/.m2/repository/commons-logging/commons-logging/1.2/commons-logging-1.2.jar:/Users/Bilarn/.m2/repository/commons-codec/commons-codec/1.9/commons-codec-1.9.jar:/Users/Bilarn/.m2/repository/org/apache/httpcomponents/httpmime/4.5.3/httpmime-4.5.3.jar:/Users/Bilarn/.m2/repository/org/hamcrest/hamcrest/2.1/hamcrest-2.1.jar:/Users/Bilarn/.m2/repository/org/ccil/cowan/tagsoup/tagsoup/1.2.1/tagsoup-1.2.1.jar:/Users/Bilarn/.m2/repository/io/rest-assured/rest-assured-all/4.3.3/rest-assured-all-4.3.3.jar:/Users/Bilarn/.m2/repository/org/apache/commons/commons-lang3/3.11/commons-lang3-3.11.jar:/Users/Bilarn/.m2/repository/jakarta/xml/bind/jakarta.xml.bind-api/2.3.3/jakarta.xml.bind-api-2.3.3.jar:/Users/Bilarn/.m2/repository/jakarta/activation/jakarta.activation-api/1.2.2/jakarta.activation-api-1.2.2.jar:/Users/Bilarn/.m2/repository/com/sun/xml/bind/jaxb-impl/2.3.3/jaxb-impl-2.3.3.jar:/Users/Bilarn/.m2/repository/org/codehaus/groovy/groovy-json/3.0.7/groovy-json-3.0.7.jar:/Users/Bilarn/.m2/repository/io/rest-assured/json-schema-validator/4.3.3/json-schema-validator-4.3.3.jar:/Users/Bilarn/.m2/repository/com/github/java-json-tools/json-schema-validator/2.2.14/json-schema-validator-2.2.14.jar:/Users/Bilarn/.m2/repository/com/google/guava/guava/28.2-android/guava-28.2-android.jar:/Users/Bilarn/.m2/repository/com/google/guava/failureaccess/1.0.1/failureaccess-1.0.1.jar:/Users/Bilarn/.m2/repository/com/google/guava/listenablefuture/9999.0-empty-to-avoid-conflict-with-guava/listenablefuture-9999.0-empty-to-avoid-conflict-with-guava.jar:/Users/Bilarn/.m2/repository/org/checkerframework/checker-compat-qual/2.5.5/checker-compat-qual-2.5.5.jar:/Users/Bilarn/.m2/repository/com/google/errorprone/error_prone_annotations/2.3.4/error_prone_annotations-2.3.4.jar:/Users/Bilarn/.m2/repository/com/google/j2objc/j2objc-annotations/1.3/j2objc-annotations-1.3.jar:/Users/Bilarn/.m2/repository/com/github/java-json-tools/jackson-coreutils-equivalence/1.0/jackson-coreutils-equivalence-1.0.jar:/Users/Bilarn/.m2/repository/com/github/java-json-tools/jackson-coreutils/2.0/jackson-coreutils-2.0.jar:/Users/Bilarn/.m2/repository/com/github/java-json-tools/msg-simple/1.2/msg-simple-1.2.jar:/Users/Bilarn/.m2/repository/com/github/java-json-tools/btf/1.3/btf-1.3.jar:/Users/Bilarn/.m2/repository/com/github/java-json-tools/json-schema-core/1.2.14/json-schema-core-1.2.14.jar:/Users/Bilarn/.m2/repository/com/github/java-json-tools/uri-template/0.10/uri-template-0.10.jar:/Users/Bilarn/.m2/repository/org/mozilla/rhino/1.7.7.2/rhino-1.7.7.2.jar:/Users/Bilarn/.m2/repository/com/sun/mail/mailapi/1.6.2/mailapi-1.6.2.jar:/Users/Bilarn/.m2/repository/joda-time/joda-time/2.10.5/joda-time-2.10.5.jar:/Users/Bilarn/.m2/repository/com/googlecode/libphonenumber/libphonenumber/8.11.1/libphonenumber-8.11.1.jar:/Users/Bilarn/.m2/repository/com/google/code/findbugs/jsr305/3.0.2/jsr305-3.0.2.jar:/Users/Bilarn/.m2/repository/net/sf/jopt-simple/jopt-simple/5.0.4/jopt-simple-5.0.4.jar:/Users/Bilarn/.m2/repository/io/rest-assured/json-path/4.3.3/json-path-4.3.3.jar:/Users/Bilarn/.m2/repository/io/rest-assured/rest-assured-common/4.3.3/rest-assured-common-4.3.3.jar:/Users/Bilarn/.m2/repository/io/rest-assured/xml-path/4.3.3/xml-path-4.3.3.jar:/Users/Bilarn/.m2/repository/org/hamcrest/hamcrest-library/1.3/hamcrest-library-1.3.jar:/Users/Bilarn/.m2/repository/org/hamcrest/java-hamcrest/2.0.0.0/java-hamcrest-2.0.0.0.jar:/Users/Bilarn/.m2/repository/com/google/code/gson/gson/2.8.6/gson-2.8.6.jar:/Users/Bilarn/.m2/repository/org/hamcrest/hamcrest-core/1.3/hamcrest-core-1.3.jar:/Users/Bilarn/.m2/repository/org/testng/testng/7.3.0/testng-7.3.0.jar:/Users/Bilarn/.m2/repository/com/beust/jcommander/1.78/jcommander-1.78.jar:/Users/Bilarn/.m2/repository/org/apache/ant/ant/1.10.3/ant-1.10.3.jar:/Users/Bilarn/.m2/repository/org/apache/ant/ant-launcher/1.10.3/ant-launcher-1.10.3.jar:/Users/Bilarn/.m2/repository/junit/junit/4.12/junit-4.12.jar:/Users/Bilarn/.m2/repository/com/google/inject/guice/4.2.2/guice-4.2.2-no_aop.jar:/Users/Bilarn/.m2/repository/javax/inject/javax.inject/1/javax.inject-1.jar:/Users/Bilarn/.m2/repository/aopalliance/aopalliance/1.0/aopalliance-1.0.jar:/Users/Bilarn/.m2/repository/org/yaml/snakeyaml/1.21/snakeyaml-1.21.jar:/Users/Bilarn/.m2/repository/ch/qos/logback/logback-core/1.2.6/logback-core-1.2.6.jar:/Users/Bilarn/.m2/repository/org/slf4j/slf4j-api/1.7.30/slf4j-api-1.7.30.jar:/Users/Bilarn/.m2/repository/ch/qos/logback/logback-classic/1.2.6/logback-classic-1.2.6.jar:/Users/Bilarn/.m2/repository/com/fasterxml/jackson/core/jackson-databind/2.13.1/jackson-databind-2.13.1.jar:/Users/Bilarn/.m2/repository/com/fasterxml/jackson/core/jackson-annotations/2.13.1/jackson-annotations-2.13.1.jar:/Users/Bilarn/.m2/repository/com/fasterxml/jackson/core/jackson-core/2.13.1/jackson-core-2.13.1.jar:"/>
    <property name="java.vm.vendor" value="AdoptOpenJDK"/>
    <property name="sun.arch.data.model" value="64"/>
    <property name="java.vendor.url" value="https://adoptopenjdk.net/"/>
    <property name="os.name" value="Mac OS X"/>
    <property name="java.vm.specification.version" value="14"/>
    <property name="sun.java.launcher" value="SUN_STANDARD"/>
    <property name="user.country" value="GB"/>
    <property name="sun.boot.library.path" value="/Users/Bilarn/Library/Java/JavaVirtualMachines/adopt-openjdk-14.0.2/Contents/Home/lib"/>
    <property name="sun.java.command" value="/Users/Bilarn/Downloads/BrownBag/target/surefire/surefirebooter8218423593493595326.jar /Users/Bilarn/Downloads/BrownBag/target/surefire 2022-03-08T21-30-46_754-jvmRun1 surefire9195912139567627929tmp surefire_010853712873652735512tmp"/>
    <property name="http.nonProxyHosts" value="local|*.local|169.254/16|*.169.254/16"/>
    <property name="jdk.debug" value="release"/>
    <property name="surefire.test.class.path" value="/Users/Bilarn/Downloads/BrownBag/target/test-classes:/Users/Bilarn/Downloads/BrownBag/target/classes:/Users/Bilarn/.m2/repository/io/rest-assured/rest-assured/4.3.3/rest-assured-4.3.3.jar:/Users/Bilarn/.m2/repository/org/codehaus/groovy/groovy/3.0.7/groovy-3.0.7.jar:/Users/Bilarn/.m2/repository/org/codehaus/groovy/groovy-xml/3.0.7/groovy-xml-3.0.7.jar:/Users/Bilarn/.m2/repository/org/apache/httpcomponents/httpclient/4.5.3/httpclient-4.5.3.jar:/Users/Bilarn/.m2/repository/org/apache/httpcomponents/httpcore/4.4.6/httpcore-4.4.6.jar:/Users/Bilarn/.m2/repository/commons-logging/commons-logging/1.2/commons-logging-1.2.jar:/Users/Bilarn/.m2/repository/commons-codec/commons-codec/1.9/commons-codec-1.9.jar:/Users/Bilarn/.m2/repository/org/apache/httpcomponents/httpmime/4.5.3/httpmime-4.5.3.jar:/Users/Bilarn/.m2/repository/org/hamcrest/hamcrest/2.1/hamcrest-2.1.jar:/Users/Bilarn/.m2/repository/org/ccil/cowan/tagsoup/tagsoup/1.2.1/tagsoup-1.2.1.jar:/Users/Bilarn/.m2/repository/io/rest-assured/rest-assured-all/4.3.3/rest-assured-all-4.3.3.jar:/Users/Bilarn/.m2/repository/org/apache/commons/commons-lang3/3.11/commons-lang3-3.11.jar:/Users/Bilarn/.m2/repository/jakarta/xml/bind/jakarta.xml.bind-api/2.3.3/jakarta.xml.bind-api-2.3.3.jar:/Users/Bilarn/.m2/repository/jakarta/activation/jakarta.activation-api/1.2.2/jakarta.activation-api-1.2.2.jar:/Users/Bilarn/.m2/repository/com/sun/xml/bind/jaxb-impl/2.3.3/jaxb-impl-2.3.3.jar:/Users/Bilarn/.m2/repository/org/codehaus/groovy/groovy-json/3.0.7/groovy-json-3.0.7.jar:/Users/Bilarn/.m2/repository/io/rest-assured/json-schema-validator/4.3.3/json-schema-validator-4.3.3.jar:/Users/Bilarn/.m2/repository/com/github/java-json-tools/json-schema-validator/2.2.14/json-schema-validator-2.2.14.jar:/Users/Bilarn/.m2/repository/com/google/guava/guava/28.2-android/guava-28.2-android.jar:/Users/Bilarn/.m2/repository/com/google/guava/failureaccess/1.0.1/failureaccess-1.0.1.jar:/Users/Bilarn/.m2/repository/com/google/guava/listenablefuture/9999.0-empty-to-avoid-conflict-with-guava/listenablefuture-9999.0-empty-to-avoid-conflict-with-guava.jar:/Users/Bilarn/.m2/repository/org/checkerframework/checker-compat-qual/2.5.5/checker-compat-qual-2.5.5.jar:/Users/Bilarn/.m2/repository/com/google/errorprone/error_prone_annotations/2.3.4/error_prone_annotations-2.3.4.jar:/Users/Bilarn/.m2/repository/com/google/j2objc/j2objc-annotations/1.3/j2objc-annotations-1.3.jar:/Users/Bilarn/.m2/repository/com/github/java-json-tools/jackson-coreutils-equivalence/1.0/jackson-coreutils-equivalence-1.0.jar:/Users/Bilarn/.m2/repository/com/github/java-json-tools/jackson-coreutils/2.0/jackson-coreutils-2.0.jar:/Users/Bilarn/.m2/repository/com/github/java-json-tools/msg-simple/1.2/msg-simple-1.2.jar:/Users/Bilarn/.m2/repository/com/github/java-json-tools/btf/1.3/btf-1.3.jar:/Users/Bilarn/.m2/repository/com/github/java-json-tools/json-schema-core/1.2.14/json-schema-core-1.2.14.jar:/Users/Bilarn/.m2/repository/com/github/java-json-tools/uri-template/0.10/uri-template-0.10.jar:/Users/Bilarn/.m2/repository/org/mozilla/rhino/1.7.7.2/rhino-1.7.7.2.jar:/Users/Bilarn/.m2/repository/com/sun/mail/mailapi/1.6.2/mailapi-1.6.2.jar:/Users/Bilarn/.m2/repository/joda-time/joda-time/2.10.5/joda-time-2.10.5.jar:/Users/Bilarn/.m2/repository/com/googlecode/libphonenumber/libphonenumber/8.11.1/libphonenumber-8.11.1.jar:/Users/Bilarn/.m2/repository/com/google/code/findbugs/jsr305/3.0.2/jsr305-3.0.2.jar:/Users/Bilarn/.m2/repository/net/sf/jopt-simple/jopt-simple/5.0.4/jopt-simple-5.0.4.jar:/Users/Bilarn/.m2/repository/io/rest-assured/json-path/4.3.3/json-path-4.3.3.jar:/Users/Bilarn/.m2/repository/io/rest-assured/rest-assured-common/4.3.3/rest-assured-common-4.3.3.jar:/Users/Bilarn/.m2/repository/io/rest-assured/xml-path/4.3.3/xml-path-4.3.3.jar:/Users/Bilarn/.m2/repository/org/hamcrest/hamcrest-library/1.3/hamcrest-library-1.3.jar:/Users/Bilarn/.m2/repository/org/hamcrest/java-hamcrest/2.0.0.0/java-hamcrest-2.0.0.0.jar:/Users/Bilarn/.m2/repository/com/google/code/gson/gson/2.8.6/gson-2.8.6.jar:/Users/Bilarn/.m2/repository/org/hamcrest/hamcrest-core/1.3/hamcrest-core-1.3.jar:/Users/Bilarn/.m2/repository/org/testng/testng/7.3.0/testng-7.3.0.jar:/Users/Bilarn/.m2/repository/com/beust/jcommander/1.78/jcommander-1.78.jar:/Users/Bilarn/.m2/repository/org/apache/ant/ant/1.10.3/ant-1.10.3.jar:/Users/Bilarn/.m2/repository/org/apache/ant/ant-launcher/1.10.3/ant-launcher-1.10.3.jar:/Users/Bilarn/.m2/repository/junit/junit/4.12/junit-4.12.jar:/Users/Bilarn/.m2/repository/com/google/inject/guice/4.2.2/guice-4.2.2-no_aop.jar:/Users/Bilarn/.m2/repository/javax/inject/javax.inject/1/javax.inject-1.jar:/Users/Bilarn/.m2/repository/aopalliance/aopalliance/1.0/aopalliance-1.0.jar:/Users/Bilarn/.m2/repository/org/yaml/snakeyaml/1.21/snakeyaml-1.21.jar:/Users/Bilarn/.m2/repository/ch/qos/logback/logback-core/1.2.6/logback-core-1.2.6.jar:/Users/Bilarn/.m2/repository/org/slf4j/slf4j-api/1.7.30/slf4j-api-1.7.30.jar:/Users/Bilarn/.m2/repository/ch/qos/logback/logback-classic/1.2.6/logback-classic-1.2.6.jar:/Users/Bilarn/.m2/repository/com/fasterxml/jackson/core/jackson-databind/2.13.1/jackson-databind-2.13.1.jar:/Users/Bilarn/.m2/repository/com/fasterxml/jackson/core/jackson-annotations/2.13.1/jackson-annotations-2.13.1.jar:/Users/Bilarn/.m2/repository/com/fasterxml/jackson/core/jackson-core/2.13.1/jackson-core-2.13.1.jar:"/>
    <property name="sun.cpu.endian" value="little"/>
    <property name="user.home" value="/Users/Bilarn"/>
    <property name="user.language" value="en"/>
    <property name="java.specification.vendor" value="Oracle Corporation"/>
    <property name="java.version.date" value="2020-07-14"/>
    <property name="java.home" value="/Users/Bilarn/Library/Java/JavaVirtualMachines/adopt-openjdk-14.0.2/Contents/Home"/>
    <property name="file.separator" value="/"/>
    <property name="basedir" value="/Users/Bilarn/Downloads/BrownBag"/>
    <property name="java.vm.compressedOopsMode" value="Zero based"/>
    <property name="line.separator" value="&#10;"/>
    <property name="java.specification.name" value="Java Platform API Specification"/>
    <property name="java.vm.specification.vendor" value="Oracle Corporation"/>
    <property name="surefire.real.class.path" value="/Users/Bilarn/Downloads/BrownBag/target/surefire/surefirebooter8218423593493595326.jar"/>
    <property name="sun.management.compiler" value="HotSpot 64-Bit Tiered Compilers"/>
    <property name="ftp.nonProxyHosts" value="local|*.local|169.254/16|*.169.254/16"/>
    <property name="java.runtime.version" value="14.0.2+12"/>
    <property name="user.name" value="Bilarn"/>
    <property name="path.separator" value=":"/>
    <property name="os.version" value="10.15.7"/>
    <property name="java.runtime.name" value="OpenJDK Runtime Environment"/>
    <property name="file.encoding" value="UTF-8"/>
    <property name="java.vm.name" value="OpenJDK 64-Bit Server VM"/>
    <property name="java.vendor.version" value="AdoptOpenJDK"/>
    <property name="localRepository" value="/Users/Bilarn/.m2/repository"/>
    <property name="java.vendor.url.bug" value="https://github.com/AdoptOpenJDK/openjdk-support/issues"/>
    <property name="java.io.tmpdir" value="/var/folders/3z/g3_15zn90mlb26zkddf6tm980000gp/T/"/>
    <property name="java.version" value="14.0.2"/>
    <property name="user.dir" value="/Users/Bilarn/Downloads/BrownBag"/>
    <property name="os.arch" value="x86_64"/>
    <property name="java.vm.specification.name" value="Java Virtual Machine Specification"/>
    <property name="java.library.path" value="/Users/Bilarn/Library/Java/Extensions:/Library/Java/Extensions:/Network/Library/Java/Extensions:/System/Library/Java/Extensions:/usr/lib/java:."/>
    <property name="java.vm.info" value="mixed mode, sharing"/>
    <property name="java.vendor" value="AdoptOpenJDK"/>
    <property name="java.vm.version" value="14.0.2+12"/>
    <property name="sun.io.unicode.encoding" value="UnicodeBig"/>
    <property name="socksNonProxyHosts" value="local|*.local|169.254/16|*.169.254/16"/>
    <property name="java.class.version" value="58.0"/>
  </properties>
  <testcase name="allUsers_on_regres" classname="regres.Test_Hamcrest_Matcher" time="2.577"/>
  <testcase name="getListofUsers" classname="regres.Test_Hamcrest_Matcher" time="0.489"/>
  <testcase name="validate_anyOff" classname="regres.Test_Hamcrest_Matcher" time="0.146"/>
  <testcase name="validate_body_has_items" classname="regres.Test_Hamcrest_Matcher" time="0.253"/>
  <testcase name="validate_instanceOf" classname="regres.Test_Hamcrest_Matcher" time="0.402"/>
  <testcase name="validate_record1" classname="regres.Test_Hamcrest_Matcher" time="0.073"/>
  <testcase name="validate_response_size" classname="regres.Test_Hamcrest_Matcher" time="0.119"/>
  <testcase name="postUser" classname="regres.Test_Post_Put" time="0.341"/>
  <testcase name="putTest_On_Regres" classname="regres.Test_Post_Put" time="0.17"/>
  <testcase name="ValidateCompany" classname="org.jsonplaceholder.GetSamples" time="1.167"/>
  <testcase name="createNewPost" classname="org.jsonplaceholder.GetSamples" time="0.256"/>
  <testcase name="deleteUser2_Test" classname="org.jsonplaceholder.GetSamples" time="0.31"/>
  <testcase name="getAllUsersTest" classname="org.jsonplaceholder.GetSamples" time="0.065"/>
  <testcase name="getBodyJsonPath" classname="org.jsonplaceholder.GetSamples" time="0.197"/>
  <testcase name="getNestedPostUsing_QueryParam" classname="org.jsonplaceholder.GetSamples" time="0.05"/>
  <testcase name="getauserAndValidateUsername" classname="org.jsonplaceholder.GetSamples" time="0.071"/>
</testsuite>