<?xml version="1.0" encoding="UTF-8"?>
<!-- Generated by org.testng.reporters.JUnitReportReporter -->
<testsuite hostname="Samuel.local" failures="0" tests="2" name="regres.Test_Post_Put" time="0.511" errors="0" timestamp="2022-03-08T21:30:54 GMT" skipped="0">
  <testcase classname="regres.Test_Post_Put" name="putTest_On_Regres" time="0.169"/>
  <system-out/>
  <testcase classname="regres.Test_Post_Put" name="postUser" time="0.342"/>
  <system-out/>
</testsuite> <!-- regres.Test_Post_Put -->
