<?xml version="1.0" encoding="UTF-8"?>
<!-- Generated by org.testng.reporters.JUnitReportReporter -->
<testsuite hostname="Samuel.local" failures="0" tests="7" name="regres.Test_Hamcrest_Matcher" time="4.056" errors="0" timestamp="2022-03-08T21:30:54 GMT" skipped="0">
  <testcase classname="regres.Test_Hamcrest_Matcher" name="validate_record1" time="0.073"/>
  <system-out/>
  <testcase classname="regres.Test_Hamcrest_Matcher" name="validate_body_has_items" time="0.252"/>
  <system-out/>
  <testcase classname="regres.Test_Hamcrest_Matcher" name="validate_response_size" time="0.118"/>
  <system-out/>
  <testcase classname="regres.Test_Hamcrest_Matcher" name="validate_instanceOf" time="0.402"/>
  <system-out/>
  <testcase classname="regres.Test_Hamcrest_Matcher" name="allUsers_on_regres" time="2.572"/>
  <system-out/>
  <testcase classname="regres.Test_Hamcrest_Matcher" name="validate_anyOff" time="0.144"/>
  <system-out/>
  <testcase classname="regres.Test_Hamcrest_Matcher" name="getListofUsers" time="0.495"/>
  <system-out/>
</testsuite> <!-- regres.Test_Hamcrest_Matcher -->
