<?xml version="1.0" encoding="UTF-8"?>
<!-- Generated by org.testng.reporters.JUnitReportReporter -->
<testsuite hostname="Samuel.local" failures="0" tests="7" name="org.jsonplaceholder.GetSamples" time="2.102" errors="0" timestamp="2022-03-08T21:30:54 GMT" skipped="0">
  <testcase classname="org.jsonplaceholder.GetSamples" name="createNewPost" time="0.267"/>
  <system-out/>
  <testcase classname="org.jsonplaceholder.GetSamples" name="deleteUser2_Test" time="0.309"/>
  <system-out/>
  <testcase classname="org.jsonplaceholder.GetSamples" name="getNestedPostUsing_QueryParam" time="0.113"/>
  <system-out/>
  <testcase classname="org.jsonplaceholder.GetSamples" name="getBodyJsonPath" time="0.135"/>
  <system-out/>
  <testcase classname="org.jsonplaceholder.GetSamples" name="ValidateCompany" time="1.156"/>
  <system-out/>
  <testcase classname="org.jsonplaceholder.GetSamples" name="getauserAndValidateUsername" time="0.066"/>
  <system-out/>
  <testcase classname="org.jsonplaceholder.GetSamples" name="getAllUsersTest" time="0.056"/>
  <system-out/>
</testsuite> <!-- org.jsonplaceholder.GetSamples -->
